{
  "stats": {
    "suites": 1,
    "tests": 2,
    "passes": 1,
    "pending": 0,
    "failures": 1,
    "start": "2024-04-01T14:47:16.521Z",
    "end": "2024-04-01T14:47:28.107Z",
    "duration": 11586,
    "testsRegistered": 2,
    "passPercent": 50,
    "pendingPercent": 0,
    "other": 0,
    "hasOther": false,
    "skipped": 0,
    "hasSkipped": false
  },
  "results": [
    {
      "uuid": "2b21bf80-66ad-4a30-b24f-43d810c6a07f",
      "title": "",
      "fullFile": "cypress\\e2e\\ProductAdd.cy.js",
      "file": "cypress\\e2e\\ProductAdd.cy.js",
      "beforeHooks": [],
      "afterHooks": [],
      "tests": [],
      "suites": [
        {
          "uuid": "41e78139-b63d-46a3-9351-bbdccf00e145",
          "title": "SauceLab",
          "fullFile": "",
          "file": "",
          "beforeHooks": [],
          "afterHooks": [],
          "tests": [
            {
              "title": "productAddToCard",
              "fullTitle": "SauceLab productAddToCard",
              "timedOut": null,
              "duration": 6911,
              "state": "failed",
              "speed": null,
              "pass": false,
              "fail": true,
              "pending": false,
              "context": null,
              "code": "cy.get('.inventory_item_name').eq(0).click({\n  force: true\n});\ncy.get('button.btn_primary.btn_inventory').click({\n  force: true\n});\ncy.get('#shopping_cart_container123').click({\n  force: true\n});",
              "err": {
                "message": "AssertionError: Timed out retrying after 4000ms: Expected to find element: `#shopping_cart_container123`, but never found it.",
                "estack": "AssertionError: Timed out retrying after 4000ms: Expected to find element: `#shopping_cart_container123`, but never found it.\n    at Context.eval (webpack://cypressproject/./cypress/e2e/ProductAdd.cy.js:18:11)\n    at runnable.fn (https://www.saucedemo.com/__cypress/runner/cypress_runner.js:138654:19)\n    at callFn (https://www.saucedemo.com/__cypress/runner/cypress_runner.js:157265:21)\n    at Runnable.run (https://www.saucedemo.com/__cypress/runner/cypress_runner.js:157252:7)\n    at <unknown> (https://www.saucedemo.com/__cypress/runner/cypress_runner.js:163176:30)\n    at PassThroughHandlerContext.finallyHandler (https://www.saucedemo.com/__cypress/runner/cypress_runner.js:4072:23)\n    at PassThroughHandlerContext.tryCatcher (https://www.saucedemo.com/__cypress/runner/cypress_runner.js:1807:23)\n    at Promise._settlePromiseFromHandler (https://www.saucedemo.com/__cypress/runner/cypress_runner.js:1519:31)",
                "diff": null
              },
              "uuid": "67a26da8-e7be-48a7-801f-a0865f3839c1",
              "parentUUID": "41e78139-b63d-46a3-9351-bbdccf00e145",
              "isHook": false,
              "skipped": false
            },
            {
              "title": "loginTest",
              "fullTitle": "SauceLab loginTest",
              "timedOut": null,
              "duration": 1080,
              "state": "passed",
              "speed": "fast",
              "pass": true,
              "fail": false,
              "pending": false,
              "context": null,
              "code": "cy.visit(\"https://www.saucedemo.com/v1/\");\ncy.get(\"#user-name\").type('standard_user');\ncy.get('#password').type('secret_sauce');\ncy.get('#login-button').click({\n  force: true\n});",
              "err": {},
              "uuid": "68344377-2e94-4492-8d39-1278deb149fc",
              "parentUUID": "41e78139-b63d-46a3-9351-bbdccf00e145",
              "isHook": false,
              "skipped": false
            }
          ],
          "suites": [],
          "passes": [
            "68344377-2e94-4492-8d39-1278deb149fc"
          ],
          "failures": [
            "67a26da8-e7be-48a7-801f-a0865f3839c1"
          ],
          "pending": [],
          "skipped": [],
          "duration": 7991,
          "root": false,
          "rootEmpty": false,
          "_timeout": 2000
        }
      ],
      "passes": [],
      "failures": [],
      "pending": [],
      "skipped": [],
      "duration": 0,
      "root": true,
      "rootEmpty": true,
      "_timeout": 2000
    }
  ],
  "meta": {
    "mocha": {
      "version": "7.0.1"
    },
    "mochawesome": {
      "options": {
        "quiet": false,
        "reportFilename": "mochawesome",
        "saveHtml": true,
        "saveJson": true,
        "consoleReporter": "spec",
        "useInlineDiffs": false,
        "code": true
      },
      "version": "7.1.3"
    },
    "marge": {
      "options": {
        "reportDir": "cypress/reports",
        "overwrite": true,
        "html": true,
        "json": true
      },
      "version": "6.2.0"
    }
  }
}